2026-04-01 15:29:23,647  INFO     Sites: ['fastpeoplesearch']
2026-04-01 15:29:23,648  INFO     Leads to process: 3
2026-04-01 15:29:23,648  INFO     Concurrent browsers: 3
2026-04-01 15:29:25,009  INFO     Worker 0 started
2026-04-01 15:29:25,009  INFO     [1/3] Worker 0: Semo Alaelua (AK)
2026-04-01 15:29:25,026  INFO     Worker 1 started
2026-04-01 15:29:25,027  INFO     [2/3] Worker 1: Charlea Kewan-Bartleson (AK)
2026-04-01 15:29:25,057  INFO     Worker 2 started
2026-04-01 15:29:25,058  INFO     [3/3] Worker 2: Chantelle Nakarak (AK)
2026-04-01 15:29:41,801  INFO     Worker 2 finished
2026-04-01 15:29:44,190  INFO     Worker 1 finished
2026-04-01 15:29:44,427  INFO     Worker 0 finished
2026-04-01 15:29:44,514  INFO     ============================================================
2026-04-01 15:29:44,515  INFO     ENRICHMENT COMPLETE
2026-04-01 15:29:44,515  INFO       Total processed : 3
2026-04-01 15:29:44,515  INFO       Enriched        : 0
2026-04-01 15:29:44,515  INFO       Not found       : 3
2026-04-01 15:29:44,515  INFO       Match rate      : 0.0%
2026-04-01 15:29:44,515  INFO       Phones found    : 0
2026-04-01 15:29:44,515  INFO       Emails found    : 0
2026-04-01 15:29:44,515  INFO       Addresses found : 0
2026-04-01 15:29:44,516  INFO       Results saved   : C:\WIP\FEDSafeRetirement_App\App\scraper\output\enriched_leads.json
2026-04-01 15:29:44,516  INFO     ============================================================
